Web / API server started at http://localhost:5555
d [FetchError]: request to http://localhost:4400/emulators failed, reason: connect ECONNREFUSED ::1:4400
    at ClientRequest.<anonymous> (/home/hp101/.cache/firebase/emulators/ui-v1.4.2/server.bundle.js:326:16793)
    at ClientRequest.emit (events.js:314:20)
    at Socket.socketErrorListener (_http_client.js:427:9)
    at Socket.emit (events.js:314:20)
    at emitErrorNT (internal/streams/destroy.js:92:8)
    at emitErrorAndCloseNT (internal/streams/destroy.js:60:3)
    at processTicksAndRejections (internal/process/task_queues.js:84:21) {
  type: 'system',
  errno: 'ECONNREFUSED',
  code: 'ECONNREFUSED'
}
d [FetchError]: request to http://localhost:4400/emulators failed, reason: connect ECONNREFUSED ::1:4400
    at ClientRequest.<anonymous> (/home/hp101/.cache/firebase/emulators/ui-v1.4.2/server.bundle.js:326:16793)
    at ClientRequest.emit (events.js:314:20)
    at Socket.socketErrorListener (_http_client.js:427:9)
    at Socket.emit (events.js:314:20)
    at emitErrorNT (internal/streams/destroy.js:92:8)
    at emitErrorAndCloseNT (internal/streams/destroy.js:60:3)
    at processTicksAndRejections (internal/process/task_queues.js:84:21) {
  type: 'system',
  errno: 'ECONNREFUSED',
  code: 'ECONNREFUSED'
}
